Linux linux-cxqa.site 3.7.10-1.4-desktop #1 SMP PREEMPT Fri Apr 19 12:06:34 UTC 2013 (8ef74f8) x86_64 x86_64 x86_64 GNU/Linux
Do 16. Mai 12:07:46 CEST 2013
@01 instances/CP/linking.cip ===========
Do 16. Mai 12:07:46 CEST 2013
Do 16. Mai 12:07:46 CEST 2013
@01 instances/CP/j301_2.cip ===========
Do 16. Mai 12:07:46 CEST 2013
Do 16. Mai 12:07:47 CEST 2013
@01 instances/CP/stein27_super.cip ===========
Do 16. Mai 12:07:47 CEST 2013
Do 16. Mai 12:07:50 CEST 2013
@01 instances/Indicator/mcf128-4-1.lp ===========
Do 16. Mai 12:07:50 CEST 2013
Do 16. Mai 12:07:52 CEST 2013
@01 instances/Indicator/mcf64-4-1.lp ===========
Do 16. Mai 12:07:52 CEST 2013
Do 16. Mai 12:07:53 CEST 2013
@01 instances/MIP/bell5.mps ===========
Do 16. Mai 12:07:53 CEST 2013
Do 16. Mai 12:07:58 CEST 2013
@01 instances/MIP/blend2.mps ===========
Do 16. Mai 12:07:58 CEST 2013
Do 16. Mai 12:07:59 CEST 2013
@01 instances/MIP/dcmulti.mps ===========
Do 16. Mai 12:07:59 CEST 2013
Do 16. Mai 12:08:05 CEST 2013
@01 instances/MIP/egout.mps ===========
Do 16. Mai 12:08:05 CEST 2013
Do 16. Mai 12:08:05 CEST 2013
@01 instances/MIP/enigma.mps ===========
Do 16. Mai 12:08:05 CEST 2013
Do 16. Mai 12:08:07 CEST 2013
@01 instances/MIP/flugpl.mps ===========
Do 16. Mai 12:08:07 CEST 2013
Do 16. Mai 12:08:08 CEST 2013
@01 instances/MIP/gt2.mps ===========
Do 16. Mai 12:08:08 CEST 2013
Do 16. Mai 12:08:08 CEST 2013
@01 instances/MIP/lseu.mps ===========
Do 16. Mai 12:08:08 CEST 2013
Do 16. Mai 12:08:10 CEST 2013
@01 instances/MIP/MANN_a9.clq.lp ===========
Do 16. Mai 12:08:10 CEST 2013
Do 16. Mai 12:08:10 CEST 2013
@01 instances/MIP/misc03.mps ===========
Do 16. Mai 12:08:10 CEST 2013
Do 16. Mai 12:08:14 CEST 2013
@01 instances/MIP/p0033.osil ===========
Do 16. Mai 12:08:14 CEST 2013
Do 16. Mai 12:08:14 CEST 2013
@01 instances/MIP/p0548.mps ===========
Do 16. Mai 12:08:14 CEST 2013
Do 16. Mai 12:08:15 CEST 2013
@01 instances/MIP/rgn.mps ===========
Do 16. Mai 12:08:15 CEST 2013
Do 16. Mai 12:08:16 CEST 2013
@01 instances/MIP/stein27.fzn ===========
Do 16. Mai 12:08:16 CEST 2013
Do 16. Mai 12:08:21 CEST 2013
@01 instances/MIP/stein27_inf.lp ===========
Do 16. Mai 12:08:21 CEST 2013
Do 16. Mai 12:08:23 CEST 2013
@01 instances/MIP/vpm2.fzn ===========
Do 16. Mai 12:08:23 CEST 2013
Do 16. Mai 12:08:28 CEST 2013
@01 instances/MINLP/bip_cross_min.10.10.10.1.pip ===========
Do 16. Mai 12:08:28 CEST 2013
Do 16. Mai 12:08:30 CEST 2013
@01 instances/MINLP/circle.osil ===========
Do 16. Mai 12:08:30 CEST 2013
Do 16. Mai 12:08:30 CEST 2013
@01 instances/MINLP/ex1224.osil ===========
Do 16. Mai 12:08:30 CEST 2013
Do 16. Mai 12:08:30 CEST 2013
@01 instances/MINLP/ex1266.mps ===========
Do 16. Mai 12:08:30 CEST 2013
Do 16. Mai 12:08:32 CEST 2013
@01 instances/MINLP/gastrans.cip ===========
Do 16. Mai 12:08:32 CEST 2013
Do 16. Mai 12:08:33 CEST 2013
@01 instances/MINLP/m3.osil ===========
Do 16. Mai 12:08:33 CEST 2013
Do 16. Mai 12:08:33 CEST 2013
@01 instances/MINLP/meanvarx.mps ===========
Do 16. Mai 12:08:33 CEST 2013
Do 16. Mai 12:08:34 CEST 2013
@01 instances/MINLP/parincQuadratic.osil ===========
Do 16. Mai 12:08:34 CEST 2013
Do 16. Mai 12:08:34 CEST 2013
@01 instances/MINLP/tltr.mps ===========
Do 16. Mai 12:08:34 CEST 2013
Do 16. Mai 12:08:35 CEST 2013
@01 instances/PseudoBoolean/factor-mod-size=9-P0=67-P1=349-P2=67-P3=499-P4=79-P5=347-P6=307-B.opb ===========
Do 16. Mai 12:08:35 CEST 2013
Do 16. Mai 12:08:36 CEST 2013
@01 instances/PseudoBoolean/normalized-bsg_10_4_5.opb ===========
Do 16. Mai 12:08:36 CEST 2013
Do 16. Mai 12:08:37 CEST 2013
@01 instances/PseudoBoolean/normalized-mds_10_4_3.opb ===========
Do 16. Mai 12:08:37 CEST 2013
Do 16. Mai 12:08:37 CEST 2013
@01 instances/PseudoBoolean/normalized-mds_50_25_5.opb ===========
Do 16. Mai 12:08:37 CEST 2013
Do 16. Mai 12:08:43 CEST 2013
@01 instances/PseudoBoolean/normalized-t2001.13queen13.1111218308.opb ===========
Do 16. Mai 12:08:43 CEST 2013
Do 16. Mai 12:08:46 CEST 2013
@01 instances/PseudoBoolean/normalized-t2001.13queen13.1110976730--soft-33-100-0.wbo ===========
Do 16. Mai 12:08:46 CEST 2013
Do 16. Mai 12:08:51 CEST 2013
@01 instances/PseudoBoolean/wheel010.lap.opb.pre.cip ===========
Do 16. Mai 12:08:51 CEST 2013
Do 16. Mai 12:08:55 CEST 2013
@01 instances/Semicontinuous/meanvarxsc.lp ===========
Do 16. Mai 12:08:55 CEST 2013
Do 16. Mai 12:08:56 CEST 2013
@01 instances/Semicontinuous/semicon1.mps ===========
Do 16. Mai 12:08:56 CEST 2013
Do 16. Mai 12:08:56 CEST 2013
@01 instances/SAT/bart10.shuffled.cnf ===========
Do 16. Mai 12:08:56 CEST 2013
Do 16. Mai 12:08:56 CEST 2013
@01 instances/SOS/findRoot.lp ===========
Do 16. Mai 12:08:56 CEST 2013
Do 16. Mai 12:08:57 CEST 2013
@01 instances/SOS/pcu_0.01.lp ===========
Do 16. Mai 12:08:57 CEST 2013
Do 16. Mai 12:09:06 CEST 2013
@01 instances/SOS/pcu_0.1.lp ===========
Do 16. Mai 12:09:06 CEST 2013
Do 16. Mai 12:09:09 CEST 2013
@01 instances/SOS/sparse2.lp ===========
Do 16. Mai 12:09:09 CEST 2013
Do 16. Mai 12:09:42 CEST 2013
@01 instances/Orbitope/packorb_1-FullIns_3.cip ===========
Do 16. Mai 12:09:42 CEST 2013
Do 16. Mai 12:09:43 CEST 2013
@01 instances/Orbitope/partorb_1-FullIns_3.cip ===========
Do 16. Mai 12:09:43 CEST 2013
Do 16. Mai 12:09:45 CEST 2013
Do 16. Mai 12:09:45 CEST 2013
